
=================================================================
	Native Crash Reporting
=================================================================
Got a SIGABRT while executing native code. This usually indicates
a fatal error in the mono runtime or one of the native libraries 
used by your application.
=================================================================

=================================================================
	Native stacktrace:
=================================================================
	0x105d89774 - /Users/oliver/Library/Developer/CoreSimulator/Devices/C3E61A1C-51C5-42CB-8909-BDA0BFE10957/data/Containers/Bundle/Application/DF4AC510-E411-4FE1-97A9-8FF2BF696E60/ToDoList.app/libmonosgen-2.0.dylib : mono_dump_native_crash_info
	0x105d2da8e - /Users/oliver/Library/Developer/CoreSimulator/Devices/C3E61A1C-51C5-42CB-8909-BDA0BFE10957/data/Containers/Bundle/Application/DF4AC510-E411-4FE1-97A9-8FF2BF696E60/ToDoList.app/libmonosgen-2.0.dylib : mono_handle_native_crash
	0x105f37e18 - /Users/oliver/Library/Developer/CoreSimulator/Devices/C3E61A1C-51C5-42CB-8909-BDA0BFE10957/data/Containers/Bundle/Application/DF4AC510-E411-4FE1-97A9-8FF2BF696E60/ToDoList.app/libmonosgen-2.0.dylib : sigabrt_signal_handler.cold.1
	0x105d890a8 - /Users/oliver/Library/Developer/CoreSimulator/Devices/C3E61A1C-51C5-42CB-8909-BDA0BFE10957/data/Containers/Bundle/Application/DF4AC510-E411-4FE1-97A9-8FF2BF696E60/ToDoList.app/libmonosgen-2.0.dylib : sigabrt_signal_handler
	0x104a5cfdd - /usr/lib/system/libsystem_platform.dylib : _sigtramp
	0x0 - Unknown
	0x7ff80016dd1c - /Library/Developer/CoreSimulator/Volumes/iOS_21E213/Library/Developer/CoreSimulator/Profiles/Runtimes/iOS 17.4.simruntime/Contents/Resources/RuntimeRoot/usr/lib/system/libsystem_c.dylib : abort
	0x7ff8001f28b0 - /Library/Developer/CoreSimulator/Volumes/iOS_21E213/Library/Developer/CoreSimulator/Profiles/Runtimes/iOS 17.4.simruntime/Contents/Resources/RuntimeRoot/usr/lib/system/libsystem_malloc.dylib : malloc_vreport
	0x7ff8001f2ab2 - /Library/Developer/CoreSimulator/Volumes/iOS_21E213/Library/Developer/CoreSimulator/Profiles/Runtimes/iOS 17.4.simruntime/Contents/Resources/RuntimeRoot/usr/lib/system/libsystem_malloc.dylib : malloc_report
	0x7ff801f42d6f - /Library/Developer/CoreSimulator/Volumes/iOS_21E213/Library/Developer/CoreSimulator/Profiles/Runtimes/iOS 17.4.simruntime/Contents/Resources/RuntimeRoot/usr/lib/libicucore.A.dylib : _ZN3icu6Locale10setToBogusEv
	0x7ff801f4484a - /Library/Developer/CoreSimulator/Volumes/iOS_21E213/Library/Developer/CoreSimulator/Profiles/Runtimes/iOS 17.4.simruntime/Contents/Resources/RuntimeRoot/usr/lib/libicucore.A.dylib : _ZN3icu6LocaleaSERKS0_
	0x7ff8020b0590 - /Library/Developer/CoreSimulator/Volumes/iOS_21E213/Library/Developer/CoreSimulator/Profiles/Runtimes/iOS 17.4.simruntime/Contents/Resources/RuntimeRoot/usr/lib/libicucore.A.dylib : _ZNO3icu6number26UnlocalizedNumberFormatter6localeERKNS_6LocaleE
	0x7ff80205eeb7 - /Library/Developer/CoreSimulator/Volumes/iOS_21E213/Library/Developer/CoreSimulator/Profiles/Runtimes/iOS 17.4.simruntime/Contents/Resources/RuntimeRoot/usr/lib/libicucore.A.dylib : _ZN3icu13DecimalFormat5touchER10UErrorCode
	0x7ff80205f52b - /Library/Developer/CoreSimulator/Volumes/iOS_21E213/Library/Developer/CoreSimulator/Profiles/Runtimes/iOS 17.4.simruntime/Contents/Resources/RuntimeRoot/usr/lib/libicucore.A.dylib : _ZN3icu13DecimalFormatC1ERKNS_13UnicodeStringEPNS_20DecimalFormatSymbolsE18UNumberFormatStyleR10UErrorCode
	0x7ff8020cc93f - /Library/Developer/CoreSimulator/Volumes/iOS_21E213/Library/Developer/CoreSimulator/Profiles/Runtimes/iOS 17.4.simruntime/Contents/Resources/RuntimeRoot/usr/lib/libicucore.A.dylib : _ZN3icu12NumberFormat12makeInstanceERKNS_6LocaleE18UNumberFormatStyleaR10UErrorCode
	0x7ff8020cc2ad - /Library/Developer/CoreSimulator/Volumes/iOS_21E213/Library/Developer/CoreSimulator/Profiles/Runtimes/iOS 17.4.simruntime/Contents/Resources/RuntimeRoot/usr/lib/libicucore.A.dylib : _ZNK3icu14LocaleCacheKeyINS_18SharedNumberFormatEE12createObjectEPKvR10UErrorCode
	0x7ff801ff28dc - /Library/Developer/CoreSimulator/Volumes/iOS_21E213/Library/Developer/CoreSimulator/Profiles/Runtimes/iOS 17.4.simruntime/Contents/Resources/RuntimeRoot/usr/lib/libicucore.A.dylib : _ZNK3icu12UnifiedCache4_getERKNS_12CacheKeyBaseERPKNS_12SharedObjectEPKvR10UErrorCode
	0x7ff8020cce78 - /Library/Developer/CoreSimulator/Volumes/iOS_21E213/Library/Developer/CoreSimulator/Profiles/Runtimes/iOS 17.4.simruntime/Contents/Resources/RuntimeRoot/usr/lib/libicucore.A.dylib : _ZN3icu12NumberFormat15setRoundingModeENS0_13ERoundingModeE
	0x7ff8020cc3ad - /Library/Developer/CoreSimulator/Volumes/iOS_21E213/Library/Developer/CoreSimulator/Profiles/Runtimes/iOS 17.4.simruntime/Contents/Resources/RuntimeRoot/usr/lib/libicucore.A.dylib : _ZNK3icu14LocaleCacheKeyINS_18SharedNumberFormatEE12createObjectEPKvR10UErrorCode
	0x7ff8020cbf56 - /Library/Developer/CoreSimulator/Volumes/iOS_21E213/Library/Developer/CoreSimulator/Profiles/Runtimes/iOS 17.4.simruntime/Contents/Resources/RuntimeRoot/usr/lib/libicucore.A.dylib : _ZN3icu12NumberFormat14createInstanceERKNS_6LocaleE18UNumberFormatStyleR10UErrorCode
	0x7ff801f43e8f - /Library/Developer/CoreSimulator/Volumes/iOS_21E213/Library/Developer/CoreSimulator/Profiles/Runtimes/iOS 17.4.simruntime/Contents/Resources/RuntimeRoot/usr/lib/libicucore.A.dylib : unum_open
	0x7ff800b5c5ba - /Library/Developer/CoreSimulator/Volumes/iOS_21E213/Library/Developer/CoreSimulator/Profiles/Runtimes/iOS 17.4.simruntime/Contents/Resources/RuntimeRoot/System/Library/Frameworks/Foundation.framework/Foundation : $s10Foundation10_LocaleICUC5StateV9formatter3for10identifier13numberSymbolsSpySvSgGSgSo18UNumberFormatStyleV_SSSDys6UInt32VSSGSgtF
	0x7ff800b6a5f0 - /Library/Developer/CoreSimulator/Volumes/iOS_21E213/Library/Developer/CoreSimulator/Profiles/Runtimes/iOS 17.4.simruntime/Contents/Resources/RuntimeRoot/System/Library/Frameworks/Foundation.framework/Foundation : $s10Foundation10_LocaleICUC16decimalSeparatorSSSgvgAeC5StateVzYbXEfU_Tm
	0x7ff800b7db1e - /Library/Developer/CoreSimulator/Volumes/iOS_21E213/Library/Developer/CoreSimulator/Profiles/Runtimes/iOS 17.4.simruntime/Contents/Resources/RuntimeRoot/System/Library/Frameworks/Foundation.framework/Foundation : $s10Foundation10_LocaleICUC16decimalSeparatorSSSgvgAeC5StateVzYbXEfU_TA
	0x7ff800b6f728 - /Library/Developer/CoreSimulator/Volumes/iOS_21E213/Library/Developer/CoreSimulator/Profiles/Runtimes/iOS 17.4.simruntime/Contents/Resources/RuntimeRoot/System/Library/Frameworks/Foundation.framework/Foundation : $s10Foundation10_LocaleICUCAA01_B8ProtocolA2aDP12languageCodeSSSgvgTWTm
	0x7ff800bdfb10 - /Library/Developer/CoreSimulator/Volumes/iOS_21E213/Library/Developer/CoreSimulator/Profiles/Runtimes/iOS 17.4.simruntime/Contents/Resources/RuntimeRoot/System/Library/Frameworks/Foundation.framework/Foundation : $s10Foundation14_NSSwiftLocaleC16decimalSeparatorSSvgTo
	0x7ff800bdd97b - /Library/Developer/CoreSimulator/Volumes/iOS_21E213/Library/Developer/CoreSimulator/Profiles/Runtimes/iOS 17.4.simruntime/Contents/Resources/RuntimeRoot/System/Library/Frameworks/Foundation.framework/Foundation : $s10Foundation14_NSSwiftLocaleC6object6forKeyypSgSo08NSLocaleF0a_tF
	0x7ff800bde729 - /Library/Developer/CoreSimulator/Volumes/iOS_21E213/Library/Developer/CoreSimulator/Profiles/Runtimes/iOS 17.4.simruntime/Contents/Resources/RuntimeRoot/System/Library/Frameworks/Foundation.framework/Foundation : $s10Foundation14_NSSwiftLocaleC6object6forKeyypSgSo08NSLocaleF0a_tFTo
	0x7ff8057d28a2 - /Library/Developer/CoreSimulator/Volumes/iOS_21E213/Library/Developer/CoreSimulator/Profiles/Runtimes/iOS 17.4.simruntime/Contents/Resources/RuntimeRoot/System/Library/PrivateFrameworks/UIKitCore.framework/UIKitCore : UIKeyboardInputModeGetDecimalSeparator
	0x7ff8058d3832 - /Library/Developer/CoreSimulator/Volumes/iOS_21E213/Library/Developer/CoreSimulator/Profiles/Runtimes/iOS 17.4.simruntime/Contents/Resources/RuntimeRoot/System/Library/PrivateFrameworks/UIKitCore.framework/UIKitCore : -[UIKeyboardLayoutStar updateInputModeLocalizedKeysForKeyplane:]
	0x7ff8058d29af - /Library/Developer/CoreSimulator/Volumes/iOS_21E213/Library/Developer/CoreSimulator/Profiles/Runtimes/iOS 17.4.simruntime/Contents/Resources/RuntimeRoot/System/Library/PrivateFrameworks/UIKitCore.framework/UIKitCore : -[UIKeyboardLayoutStar updateLocalizedKeysOnKeyplane:]
	0x7ff8058d4659 - /Library/Developer/CoreSimulator/Volumes/iOS_21E213/Library/Developer/CoreSimulator/Profiles/Runtimes/iOS 17.4.simruntime/Contents/Resources/RuntimeRoot/System/Library/PrivateFrameworks/UIKitCore.framework/UIKitCore : -[UIKeyboardLayoutStar updateLocalizedKeysForKeyplane:updateAllKeyplanes:]
	0x7ff8058dc596 - /Library/Developer/CoreSimulator/Volumes/iOS_21E213/Library/Developer/CoreSimulator/Profiles/Runtimes/iOS 17.4.simruntime/Contents/Resources/RuntimeRoot/System/Library/PrivateFrameworks/UIKitCore.framework/UIKitCore : -[UIKeyboardLayoutStar setKeyplaneName:]
	0x7ff8058e54e2 - /Library/Developer/CoreSimulator/Volumes/iOS_21E213/Library/Developer/CoreSimulator/Profiles/Runtimes/iOS 17.4.simruntime/Contents/Resources/RuntimeRoot/System/Library/PrivateFrameworks/UIKitCore.framework/UIKitCore : -[UIKeyboardLayoutStar setToInitialKeyplane]
	0x7ff8058e5367 - /Library/Developer/CoreSimulator/Volumes/iOS_21E213/Library/Developer/CoreSimulator/Profiles/Runtimes/iOS 17.4.simruntime/Contents/Resources/RuntimeRoot/System/Library/PrivateFrameworks/UIKitCore.framework/UIKitCore : -[UIKeyboardLayoutStar showKeyboardWithInputMode:renderConfig:inputTraits:screenTraits:splitTraits:reload:]
	0x7ff8058e547c - /Library/Developer/CoreSimulator/Volumes/iOS_21E213/Library/Developer/CoreSimulator/Profiles/Runtimes/iOS 17.4.simruntime/Contents/Resources/RuntimeRoot/System/Library/PrivateFrameworks/UIKitCore.framework/UIKitCore : -[UIKeyboardLayoutStar showKeyboardWithInputTraits:screenTraits:splitTraits:]
	0x7ff805a1dfc7 - /Library/Developer/CoreSimulator/Volumes/iOS_21E213/Library/Developer/CoreSimulator/Profiles/Runtimes/iOS 17.4.simruntime/Contents/Resources/RuntimeRoot/System/Library/PrivateFrameworks/UIKitCore.framework/UIKitCore : -[UIKeyboardImpl finishLayoutChangeWithArguments:]
	0x7ff805a1ea1e - /Library/Developer/CoreSimulator/Volumes/iOS_21E213/Library/Developer/CoreSimulator/Profiles/Runtimes/iOS 17.4.simruntime/Contents/Resources/RuntimeRoot/System/Library/PrivateFrameworks/UIKitCore.framework/UIKitCore : -[UIKeyboardImpl updateLayout]
	0x7ff805a0c75b - /Library/Developer/CoreSimulator/Volumes/iOS_21E213/Library/Developer/CoreSimulator/Profiles/Runtimes/iOS 17.4.simruntime/Contents/Resources/RuntimeRoot/System/Library/PrivateFrameworks/UIKitCore.framework/UIKitCore : -[UIKeyboardImpl _setupDelegate:delegateSame:hardwareKeyboardStateChanged:endingInputSessionIdentifier:force:delayEndInputSession:]
	0x7ff805a09633 - /Library/Developer/CoreSimulator/Volumes/iOS_21E213/Library/Developer/CoreSimulator/Profiles/Runtimes/iOS 17.4.simruntime/Contents/Resources/RuntimeRoot/System/Library/PrivateFrameworks/UIKitCore.framework/UIKitCore : -[UIKeyboardImpl setDelegate:force:delayEndInputSession:]
	0x7ff8054bde35 - /Library/Developer/CoreSimulator/Volumes/iOS_21E213/Library/Developer/CoreSimulator/Profiles/Runtimes/iOS 17.4.simruntime/Contents/Resources/RuntimeRoot/System/Library/PrivateFrameworks/UIKitCore.framework/UIKitCore : -[UIKeyboardSceneDelegate _reloadInputViewsForKeyWindowSceneResponder:force:fromBecomeFirstResponder:]
	0x7ff8054bc76a - /Library/Developer/CoreSimulator/Volumes/iOS_21E213/Library/Developer/CoreSimulator/Profiles/Runtimes/iOS 17.4.simruntime/Contents/Resources/RuntimeRoot/System/Library/PrivateFrameworks/UIKitCore.framework/UIKitCore : -[UIKeyboardSceneDelegate _reloadInputViewsForResponder:force:fromBecomeFirstResponder:]
	0x7ff805d1d22a - /Library/Developer/CoreSimulator/Volumes/iOS_21E213/Library/Developer/CoreSimulator/Profiles/Runtimes/iOS 17.4.simruntime/Contents/Resources/RuntimeRoot/System/Library/PrivateFrameworks/UIKitCore.framework/UIKitCore : -[UIResponder(UIResponderInputViewAdditions) _reloadInputViewsFromFirstResponder:]
	0x7ff805d16258 - /Library/Developer/CoreSimulator/Volumes/iOS_21E213/Library/Developer/CoreSimulator/Profiles/Runtimes/iOS 17.4.simruntime/Contents/Resources/RuntimeRoot/System/Library/PrivateFrameworks/UIKitCore.framework/UIKitCore : -[UIResponder becomeFirstResponder]
	0x7ff8063a8696 - /Library/Developer/CoreSimulator/Volumes/iOS_21E213/Library/Developer/CoreSimulator/Profiles/Runtimes/iOS 17.4.simruntime/Contents/Resources/RuntimeRoot/System/Library/PrivateFrameworks/UIKitCore.framework/UIKitCore : -[UIView(Hierarchy) becomeFirstResponder]
	0x7ff806118558 - /Library/Developer/CoreSimulator/Volumes/iOS_21E213/Library/Developer/CoreSimulator/Profiles/Runtimes/iOS 17.4.simruntime/Contents/Resources/RuntimeRoot/System/Library/PrivateFrameworks/UIKitCore.framework/UIKitCore : -[UITextField becomeFirstResponder]
	0x7ff8060c6c58 - /Library/Developer/CoreSimulator/Volumes/iOS_21E213/Library/Developer/CoreSimulator/Profiles/Runtimes/iOS 17.4.simruntime/Contents/Resources/RuntimeRoot/System/Library/PrivateFrameworks/UIKitCore.framework/UIKitCore : -[UITextInteractionAssistant(UITextInteractionAssistant_Internal) setFirstResponderIfNecessaryActivatingSelection:]
	0x7ff806094d63 - /Library/Developer/CoreSimulator/Volumes/iOS_21E213/Library/Developer/CoreSimulator/Profiles/Runtimes/iOS 17.4.simruntime/Contents/Resources/RuntimeRoot/System/Library/PrivateFrameworks/UIKitCore.framework/UIKitCore : -[UITextSelectionInteraction _checkForRepeatedTap:gestureLocationOut:]
	0x7ff8060961dc - /Library/Developer/CoreSimulator/Volumes/iOS_21E213/Library/Developer/CoreSimulator/Profiles/Runtimes/iOS 17.4.simruntime/Contents/Resources/RuntimeRoot/System/Library/PrivateFrameworks/UIKitCore.framework/UIKitCore : -[UITextSelectionInteraction _handleMultiTapGesture:]
	0x7ff805ce5824 - /Library/Developer/CoreSimulator/Volumes/iOS_21E213/Library/Developer/CoreSimulator/Profiles/Runtimes/iOS 17.4.simruntime/Contents/Resources/RuntimeRoot/System/Library/PrivateFrameworks/UIKitCore.framework/UIKitCore : -[UIApplication sendAction:to:from:forEvent:]
	0x7ff805547938 - /Library/Developer/CoreSimulator/Volumes/iOS_21E213/Library/Developer/CoreSimulator/Profiles/Runtimes/iOS 17.4.simruntime/Contents/Resources/RuntimeRoot/System/Library/PrivateFrameworks/UIKitCore.framework/UIKitCore : -[UITextMultiTapRecognizer onStateUpdate:]
	0x7ff805651875 - /Library/Developer/CoreSimulator/Volumes/iOS_21E213/Library/Developer/CoreSimulator/Profiles/Runtimes/iOS 17.4.simruntime/Contents/Resources/RuntimeRoot/System/Library/PrivateFrameworks/UIKitCore.framework/UIKitCore : -[UIGestureRecognizerTarget _sendActionWithGestureRecognizer:]
	0x7ff80565b43a - /Library/Developer/CoreSimulator/Volumes/iOS_21E213/Library/Developer/CoreSimulator/Profiles/Runtimes/iOS 17.4.simruntime/Contents/Resources/RuntimeRoot/System/Library/PrivateFrameworks/UIKitCore.framework/UIKitCore : _UIGestureRecognizerSendTargetActions
	0x7ff80565822a - /Library/Developer/CoreSimulator/Volumes/iOS_21E213/Library/Developer/CoreSimulator/Profiles/Runtimes/iOS 17.4.simruntime/Contents/Resources/RuntimeRoot/System/Library/PrivateFrameworks/UIKitCore.framework/UIKitCore : _UIGestureRecognizerSendActions
	0x7ff8056575d7 - /Library/Developer/CoreSimulator/Volumes/iOS_21E213/Library/Developer/CoreSimulator/Profiles/Runtimes/iOS 17.4.simruntime/Contents/Resources/RuntimeRoot/System/Library/PrivateFrameworks/UIKitCore.framework/UIKitCore : -[UIGestureRecognizer _updateGestureForActiveEvents]
	0x7ff805644b9d - /Library/Developer/CoreSimulator/Volumes/iOS_21E213/Library/Developer/CoreSimulator/Profiles/Runtimes/iOS 17.4.simruntime/Contents/Resources/RuntimeRoot/System/Library/PrivateFrameworks/UIKitCore.framework/UIKitCore : _UIGestureEnvironmentUpdate
	0x7ff8056437d9 - /Library/Developer/CoreSimulator/Volumes/iOS_21E213/Library/Developer/CoreSimulator/Profiles/Runtimes/iOS 17.4.simruntime/Contents/Resources/RuntimeRoot/System/Library/PrivateFrameworks/UIKitCore.framework/UIKitCore : -[UIGestureEnvironment _updateForEvent:window:]
	0x7ff805d2b396 - /Library/Developer/CoreSimulator/Volumes/iOS_21E213/Library/Developer/CoreSimulator/Profiles/Runtimes/iOS 17.4.simruntime/Contents/Resources/RuntimeRoot/System/Library/PrivateFrameworks/UIKitCore.framework/UIKitCore : -[UIWindow sendEvent:]
	0x7ff805d0028e - /Library/Developer/CoreSimulator/Volumes/iOS_21E213/Library/Developer/CoreSimulator/Profiles/Runtimes/iOS 17.4.simruntime/Contents/Resources/RuntimeRoot/System/Library/PrivateFrameworks/UIKitCore.framework/UIKitCore : -[UIApplication sendEvent:]
	0x7ff805db102b - /Library/Developer/CoreSimulator/Volumes/iOS_21E213/Library/Developer/CoreSimulator/Profiles/Runtimes/iOS 17.4.simruntime/Contents/Resources/RuntimeRoot/System/Library/PrivateFrameworks/UIKitCore.framework/UIKitCore : __dispatchPreprocessedEventFromEventQueue
	0x7ff805db4154 - /Library/Developer/CoreSimulator/Volumes/iOS_21E213/Library/Developer/CoreSimulator/Profiles/Runtimes/iOS 17.4.simruntime/Contents/Resources/RuntimeRoot/System/Library/PrivateFrameworks/UIKitCore.framework/UIKitCore : __processEventQueue
	0x7ff805da9d34 - /Library/Developer/CoreSimulator/Volumes/iOS_21E213/Library/Developer/CoreSimulator/Profiles/Runtimes/iOS 17.4.simruntime/Contents/Resources/RuntimeRoot/System/Library/PrivateFrameworks/UIKitCore.framework/UIKitCore : __eventFetcherSourceCallback
	0x7ff800429ff3 - /Library/Developer/CoreSimulator/Volumes/iOS_21E213/Library/Developer/CoreSimulator/Profiles/Runtimes/iOS 17.4.simruntime/Contents/Resources/RuntimeRoot/System/Library/Frameworks/CoreFoundation.framework/CoreFoundation : __CFRUNLOOP_IS_CALLING_OUT_TO_A_SOURCE0_PERFORM_FUNCTION__
	0x7ff800429f35 - /Library/Developer/CoreSimulator/Volumes/iOS_21E213/Library/Developer/CoreSimulator/Profiles/Runtimes/iOS 17.4.simruntime/Contents/Resources/RuntimeRoot/System/Library/Frameworks/CoreFoundation.framework/CoreFoundation : __CFRunLoopDoSource0
	0x7ff800429732 - /Library/Developer/CoreSimulator/Volumes/iOS_21E213/Library/Developer/CoreSimulator/Profiles/Runtimes/iOS 17.4.simruntime/Contents/Resources/RuntimeRoot/System/Library/Frameworks/CoreFoundation.framework/CoreFoundation : __CFRunLoopDoSources0
	0x7ff800423e67 - /Library/Developer/CoreSimulator/Volumes/iOS_21E213/Library/Developer/CoreSimulator/Profiles/Runtimes/iOS 17.4.simruntime/Contents/Resources/RuntimeRoot/System/Library/Frameworks/CoreFoundation.framework/CoreFoundation : __CFRunLoopRun
	0x7ff8004236ed - /Library/Developer/CoreSimulator/Volumes/iOS_21E213/Library/Developer/CoreSimulator/Profiles/Runtimes/iOS 17.4.simruntime/Contents/Resources/RuntimeRoot/System/Library/Frameworks/CoreFoundation.framework/CoreFoundation : CFRunLoopRunSpecific
	0x7ff8103ba08f - /Library/Developer/CoreSimulator/Volumes/iOS_21E213/Library/Developer/CoreSimulator/Profiles/Runtimes/iOS 17.4.simruntime/Contents/Resources/RuntimeRoot/System/Library/PrivateFrameworks/GraphicsServices.framework/GraphicsServices : GSEventRunModal
	0x7ff805cdf6ee - /Library/Developer/CoreSimulator/Volumes/iOS_21E213/Library/Developer/CoreSimulator/Profiles/Runtimes/iOS 17.4.simruntime/Contents/Resources/RuntimeRoot/System/Library/PrivateFrameworks/UIKitCore.framework/UIKitCore : -[UIApplication _run]
	0x7ff805ce416e - /Library/Developer/CoreSimulator/Volumes/iOS_21E213/Library/Developer/CoreSimulator/Profiles/Runtimes/iOS 17.4.simruntime/Contents/Resources/RuntimeRoot/System/Library/PrivateFrameworks/UIKitCore.framework/UIKitCore : UIApplicationMain
	0x10558e64a - /Users/oliver/Library/Developer/CoreSimulator/Devices/C3E61A1C-51C5-42CB-8909-BDA0BFE10957/data/Containers/Bundle/Application/DF4AC510-E411-4FE1-97A9-8FF2BF696E60/ToDoList.app/libxamarin-dotnet-debug.dylib : xamarin_UIApplicationMain
	0x105d9c5a9 - /Users/oliver/Library/Developer/CoreSimulator/Devices/C3E61A1C-51C5-42CB-8909-BDA0BFE10957/data/Containers/Bundle/Application/DF4AC510-E411-4FE1-97A9-8FF2BF696E60/ToDoList.app/libmonosgen-2.0.dylib : do_icall
	0x105d9b0b3 - /Users/oliver/Library/Developer/CoreSimulator/Devices/C3E61A1C-51C5-42CB-8909-BDA0BFE10957/data/Containers/Bundle/Application/DF4AC510-E411-4FE1-97A9-8FF2BF696E60/ToDoList.app/libmonosgen-2.0.dylib : do_icall_wrapper
	0x105d8d4af - /Users/oliver/Library/Developer/CoreSimulator/Devices/C3E61A1C-51C5-42CB-8909-BDA0BFE10957/data/Containers/Bundle/Application/DF4AC510-E411-4FE1-97A9-8FF2BF696E60/ToDoList.app/libmonosgen-2.0.dylib : interp_exec_method
	0x105d8ae03 - /Users/oliver/Library/Developer/CoreSimulator/Devices/C3E61A1C-51C5-42CB-8909-BDA0BFE10957/data/Containers/Bundle/Application/DF4AC510-E411-4FE1-97A9-8FF2BF696E60/ToDoList.app/libmonosgen-2.0.dylib : interp_runtime_invoke
	0x105bb0098 - /Users/oliver/Library/Developer/CoreSimulator/Devices/C3E61A1C-51C5-42CB-8909-BDA0BFE10957/data/Containers/Bundle/Application/DF4AC510-E411-4FE1-97A9-8FF2BF696E60/ToDoList.app/libmonosgen-2.0.dylib : mono_runtime_invoke_checked
	0x105bb80cc - /Users/oliver/Library/Developer/CoreSimulator/Devices/C3E61A1C-51C5-42CB-8909-BDA0BFE10957/data/Containers/Bundle/Application/DF4AC510-E411-4FE1-97A9-8FF2BF696E60/ToDoList.app/libmonosgen-2.0.dylib : do_exec_main_checked
	0x105ce6cb2 - /Users/oliver/Library/Developer/CoreSimulator/Devices/C3E61A1C-51C5-42CB-8909-BDA0BFE10957/data/Containers/Bundle/Application/DF4AC510-E411-4FE1-97A9-8FF2BF696E60/ToDoList.app/libmonosgen-2.0.dylib : mono_jit_exec
	0x1055d2c77 - /Users/oliver/Library/Developer/CoreSimulator/Devices/C3E61A1C-51C5-42CB-8909-BDA0BFE10957/data/Containers/Bundle/Application/DF4AC510-E411-4FE1-97A9-8FF2BF696E60/ToDoList.app/libxamarin-dotnet-debug.dylib : xamarin_main
	0x104002704 - /Users/oliver/Library/Developer/CoreSimulator/Devices/C3E61A1C-51C5-42CB-8909-BDA0BFE10957/data/Containers/Bundle/Application/DF4AC510-E411-4FE1-97A9-8FF2BF696E60/ToDoList.app/ToDoList : main
	0x1048023e0 - Unknown
	0x10489a366 - Unknown

=================================================================
	Basic Fault Address Reporting
=================================================================
Memory around native instruction pointer (0x1054f114a):0x1054f113a  ff ff c3 90 90 90 b8 48 01 00 02 49 89 ca 0f 05  .......H...I....
0x1054f114a  73 08 48 89 c7 e9 cc 99 ff ff c3 90 90 90 b8 53  s.H............S
0x1054f115a  00 00 02 49 89 ca 0f 05 73 08 48 89 c7 e9 b4 99  ...I....s.H.....
0x1054f116a  ff ff c3 90 90 90 b8 83 01 00 02 49 89 ca 0f 05  ...........I....

=================================================================
	Managed Stacktrace:
=================================================================
	  at <unknown> <0xffffffff>
	  at UIKit.UIApplication:xamarin_UIApplicationMain <0x0006a>
	  at UIKit.UIApplication:UIApplicationMain <0x00044>
	  at UIKit.UIApplication:Main <0x000e0>
	  at ToDoList.Program:Main <0x00018>
	  at <Module>:runtime_invoke_direct_void_string[] <0x00098>
	  at <unknown> <0x00000>
=================================================================
